Compiling 1 files with Solc 0.8.20
Solc 0.8.20 finished in 8.73s
Compiler run successful!
Script ran successfully.

== Logs ==
  === Starting Full Suite Deployment ===
  Deployer: 0x94D5C06229811c4816107005ff05259f229Eb07b
  MockUSDT deployed at: 0x2cBe796033377352158df11Ab388010ab3097F58
  KawaiToken deployed at: 0xE32660b39D99988Df4bFdc7e4b68A4DC9D654722
  KAWAI MerkleDistributor (Mining) deployed at: 0xaB0DdFbb4bD94d23a32d0C40f9F96d9A61b45463
  USDT MerkleDistributor (Dividends) deployed at: 0x98a7590406a08Cc64dc074D8698B71e4D997a268
  PaymentVault deployed at: 0x9a5A9e31977cB86cD502DC9E0B568d8F17977dAd
  OTCMarket (Escrow) deployed at: 0xd065F9DDb66aa90a1FF62c10868BeF921be2E103
  Permission: Granted MINTER_ROLE to KAWAI MerkleDistributor
  
=== Deployment Summary (SAVE THESE!) ===
  Network: Monad Testnet
  MockUSDT: 0x2cBe796033377352158df11Ab388010ab3097F58
  KawaiToken: 0xE32660b39D99988Df4bFdc7e4b68A4DC9D654722
  KAWAI_Distributor: 0xaB0DdFbb4bD94d23a32d0C40f9F96d9A61b45463
  USDT_Distributor: 0x98a7590406a08Cc64dc074D8698B71e4D997a268
  PaymentVault: 0x9a5A9e31977cB86cD502DC9E0B568d8F17977dAd
  OTCMarket: 0xd065F9DDb66aa90a1FF62c10868BeF921be2E103
  =========================================

## Setting up 1 EVM.

==========================

Chain 10143

Estimated gas price: 201.000000001 gwei

Estimated total gas used for script: 5234784

Estimated amount required: 1.052191584005234784 ETH

==========================


==========================

ONCHAIN EXECUTION COMPLETE & SUCCESSFUL.

Transactions saved to: /Users/yuda/github.com/kawai-network/veridium/contracts/broadcast/DeployKawai.s.sol/10143/run-latest.json

Sensitive values saved to: /Users/yuda/github.com/kawai-network/veridium/contracts/cache/DeployKawai.s.sol/10143/run-latest.json

